#
# A fatal error has been detected by the Java Runtime Environment:
#
#  EXCEPTION_ACCESS_VIOLATION (0xc0000005) at pc=0x00000000741796b8, pid=7408, tid=0x0000000000003274
#
# JRE version: OpenJDK Runtime Environment (8.0_212-b04) (build 1.8.0_212-release-1586-b04)
# Java VM: OpenJDK 64-Bit Server VM (25.212-b04 mixed mode windows-amd64 compressed oops)
# Problematic frame:
# V  [jvm.dll+0x4896b8]
#
# Failed to write core dump. Minidumps are not enabled by default on client versions of Windows
#
# If you would like to submit a bug report, please visit:
#   
#

---------------  T H R E A D  ---------------

Current thread (0x0000000016b8d800):  JavaThread "C2 CompilerThread0" daemon [_thread_in_native, id=12916, stack(0x00000000181d0000,0x00000000182d0000)]

siginfo: ExceptionCode=0xc0000005, reading address 0xffffffffffffffff

Registers:
RAX=0x00000000741e0d80, RBX=0x00000000000000d0, RCX=0xcccccccccccccccc, RDX=0x00000000000007ff
RSP=0x00000000182cc460, RBP=0x0000000029ed0f20, RSI=0x000000002479b520, RDI=0x000000002a5502c0
R8 =0x0000000000000400, R9 =0x000000002a550220, R10=0x0000000000000000, R11=0x0000000074377a08
R12=0x0000000000000000, R13=0x0000000024861d38, R14=0x000000002a550030, R15=0x000000002a550220
RIP=0x00000000741796b8, EFLAGS=0x0000000000010287

Top of Stack: (sp=0x00000000182cc460)
0x00000000182cc460:   00000000000000d0 0000000000000002
0x00000000182cc470:   0000000000000010 0000000029ed0f20
0x00000000182cc480:   000000002479b520 00000000741b9596
0x00000000182cc490:   00000000182cec00 00000000000000d0
0x00000000182cc4a0:   0000000029ed0f20 000000002479b520
0x00000000182cc4b0:   000000002a550060 000000002a550030
0x00000000182cc4c0:   00000000742b0108 00000000182cf468
0x00000000182cc4d0:   0000000016b8e280 000000007429ae38
0x00000000182cc4e0:   0000000000000001 0000000100000000
0x00000000182cc4f0:   000000001b0fecf0 0000000000000001
0x00000000182cc500:   000000002a550200 000000001b0fecf0
0x00000000182cc510:   000000002a550060 000000002a550220
0x00000000182cc520:   000000002479b520 000000002a87ea90
0x00000000182cc530:   0000000000000000 0000000029ed0f20
0x00000000182cc540:   0000000000000201 00000000182cec00
0x00000000182cc550:   0000000000000000 00000000182cec00 

Instructions: (pc=0x00000000741796b8)
0x0000000074179698:   ba ff 07 00 00 41 b8 00 04 00 00 66 23 c2 66 41
0x00000000741796a8:   3b c0 74 19 0f 1f 40 00 48 8b 41 08 48 8b 48 08
0x00000000741796b8:   0f b7 41 2c 66 23 c2 66 41 3b c0 75 eb 48 8b 01
0x00000000741796c8:   33 d2 ff 90 88 00 00 00 48 8b c8 48 83 c4 28 e9 


Register to memory mapping:

RAX=0x00000000741e0d80 is an unknown value
RBX=0x00000000000000d0 is an unknown value
RCX=0xcccccccccccccccc is an unknown value
RDX=0x00000000000007ff is an unknown value
RSP=0x00000000182cc460 is pointing into the stack for thread: 0x0000000016b8d800
RBP=0x0000000029ed0f20 is an unknown value
RSI=0x000000002479b520 is an unknown value
RDI=0x000000002a5502c0 is an unknown value
R8 =0x0000000000000400 is an unknown value
R9 =0x000000002a550220 is an unknown value
R10=0x0000000000000000 is an unknown value
R11=0x0000000074377a08 is an unknown value
R12=0x0000000000000000 is an unknown value
R13=0x0000000024861d38 is an unknown value
R14=0x000000002a550030 is an unknown value
R15=0x000000002a550220 is an unknown value


Stack: [0x00000000181d0000,0x00000000182d0000],  sp=0x00000000182cc460,  free space=1009k
Native frames: (J=compiled Java code, j=interpreted, Vv=VM code, C=native code)
V  [jvm.dll+0x4896b8]
V  [jvm.dll+0x4c9596]
V  [jvm.dll+0x4c9e47]
V  [jvm.dll+0x4cb1fa]
V  [jvm.dll+0x4419d2]
V  [jvm.dll+0x444198]
V  [jvm.dll+0x4272e2]
V  [jvm.dll+0x81fbf]
V  [jvm.dll+0x8291f]
V  [jvm.dll+0x21db3f]
V  [jvm.dll+0x26f53a]
C  [msvcr100.dll+0x21d9f]
C  [msvcr100.dll+0x21e3b]
C  [KERNEL32.DLL+0x14034]
C  [ntdll.dll+0x73691]


Current CompileTask:
C2:3196856 23465 % !   4       com.android.tools.r8.dex.m::b @ 13 (2743 bytes)


---------------  P R O C E S S  ---------------

Java Threads: ( => current thread )
  0x000000001d685800 JavaThread "ForkJoinPool.commonPool-worker-3" daemon [_thread_blocked, id=4468, stack(0x00000000408b0000,0x00000000409b0000)]
  0x000000001d682800 JavaThread "ForkJoinPool.commonPool-worker-2" daemon [_thread_blocked, id=11336, stack(0x00000000407b0000,0x00000000408b0000)]
  0x000000001d682000 JavaThread "ForkJoinPool.commonPool-worker-1" daemon [_thread_blocked, id=3652, stack(0x00000000406b0000,0x00000000407b0000)]
  0x000000001d679800 JavaThread "WorkerExecutor Queue Thread 7" [_thread_blocked, id=4496, stack(0x00000000405b0000,0x00000000406b0000)]
  0x0000000029f89800 JavaThread "WorkerExecutor Queue Thread 6" [_thread_blocked, id=7396, stack(0x00000000400b0000,0x00000000401b0000)]
  0x0000000029f8e000 JavaThread "WorkerExecutor Queue Thread 4" [_thread_blocked, id=1968, stack(0x000000003feb0000,0x000000003ffb0000)]
  0x0000000029f8f800 JavaThread "Cache worker for Java compile cache (C:\Users\baaal\AndroidStudioProjects\login2\.gradle\5.6.4\javaCompile)" [_thread_blocked, id=5448, stack(0x000000003fdb0000,0x000000003feb0000)]
  0x0000000029f88000 JavaThread "WorkerExecutor Queue Thread 3" [_thread_blocked, id=5416, stack(0x000000003fcb0000,0x000000003fdb0000)]
  0x0000000029f8f000 JavaThread "RMI TCP Connection(27)-127.0.0.1" daemon [_thread_in_native, id=5492, stack(0x000000003fbb0000,0x000000003fcb0000)]
  0x0000000029f8d800 JavaThread "WorkerExecutor Queue Thread 2" [_thread_blocked, id=6592, stack(0x000000003f9b0000,0x000000003fab0000)]
  0x0000000029f8c800 JavaThread "stdout" [_thread_in_native, id=12252, stack(0x000000003f8b0000,0x000000003f9b0000)]
  0x0000000029f8c000 JavaThread "stderr" [_thread_in_native, id=8872, stack(0x000000003f7b0000,0x000000003f8b0000)]
  0x0000000029f84000 JavaThread "pool-28-thread-1" [_thread_blocked, id=10860, stack(0x000000003f6b0000,0x000000003f7b0000)]
  0x0000000029f86800 JavaThread "Cache worker for execution history cache (C:\Users\baaal\AndroidStudioProjects\login2\.gradle\5.6.4\executionHistory)" [_thread_blocked, id=4176, stack(0x000000003f4b0000,0x000000003f5b0000)]
  0x0000000029f85000 JavaThread "Cache worker for file content cache (C:\Users\baaal\AndroidStudioProjects\login2\.gradle\5.6.4\fileContent)" [_thread_blocked, id=8616, stack(0x000000003f0b0000,0x000000003f1b0000)]
  0x0000000029f80800 JavaThread "Cache worker for Build Output Cleanup Cache (C:\Users\baaal\AndroidStudioProjects\login2\.gradle\buildOutputCleanup)" [_thread_blocked, id=6964, stack(0x000000003efb0000,0x000000003f0b0000)]
  0x0000000029f82000 JavaThread "Build operations Thread 4" [_thread_blocked, id=11640, stack(0x000000003eeb0000,0x000000003efb0000)]
  0x0000000029f87800 JavaThread "Build operations Thread 3" [_thread_blocked, id=13096, stack(0x000000003edb0000,0x000000003eeb0000)]
  0x0000000029f81000 JavaThread "Build operations Thread 2" [_thread_blocked, id=8660, stack(0x000000003ecb0000,0x000000003edb0000)]
  0x0000000019c15800 JavaThread "Build operations" [_thread_blocked, id=11616, stack(0x000000003ebb0000,0x000000003ecb0000)]
  0x0000000019c17000 JavaThread "Cache worker for cache directory md-rule (C:\Users\baaal\.gradle\caches\5.6.4\md-rule)" [_thread_blocked, id=13296, stack(0x000000003eab0000,0x000000003ebb0000)]
  0x0000000019c0e000 JavaThread "Cache worker for cache directory md-supplier (C:\Users\baaal\.gradle\caches\5.6.4\md-supplier)" [_thread_blocked, id=10380, stack(0x000000003e9b0000,0x000000003eab0000)]
  0x0000000019c14000 JavaThread "Cache worker for file hash cache (C:\Users\baaal\AndroidStudioProjects\login2\.gradle\5.6.4\fileHashes)" [_thread_blocked, id=9436, stack(0x000000003e8b0000,0x000000003e9b0000)]
  0x0000000019c14800 JavaThread "Thread-285" [_thread_blocked, id=2148, stack(0x000000003e7b0000,0x000000003e8b0000)]
  0x0000000019c0a000 JavaThread "Stdin handler" [_thread_blocked, id=10340, stack(0x000000003e6b0000,0x000000003e7b0000)]
  0x0000000019c0b000 JavaThread "Asynchronous log dispatcher for DefaultDaemonConnection: socket connection from /127.0.0.1:53384 to /127.0.0.1:54751" [_thread_blocked, id=1260, stack(0x000000003e5b0000,0x000000003e6b0000)]
  0x0000000019c11000 JavaThread "Daemon worker Thread 8" [_thread_in_Java, id=7176, stack(0x000000003e4b0000,0x000000003e5b0000)]
  0x0000000019c09800 JavaThread "Cancel handler" [_thread_blocked, id=7736, stack(0x000000003e3b0000,0x000000003e4b0000)]
  0x0000000019c10000 JavaThread "Handler for socket connection from /127.0.0.1:53384 to /127.0.0.1:54751" [_thread_in_native, id=12748, stack(0x000000003e2b0000,0x000000003e3b0000)]
  0x0000000019c08000 JavaThread "Daemon Thread 8" [_thread_blocked, id=13040, stack(0x000000003e1b0000,0x000000003e2b0000)]
  0x000000001d680800 JavaThread "Cache worker for Java compile cache (C:\Users\baaal\.gradle\caches\5.6.4\javaCompile)" [_thread_blocked, id=12816, stack(0x0000000026d80000,0x0000000026e80000)]
  0x000000001d67d800 JavaThread "RMI Reaper" [_thread_blocked, id=6284, stack(0x0000000026a80000,0x0000000026b80000)]
  0x000000001d67c000 JavaThread "RMI TCP Accept-0" daemon [_thread_in_native, id=10284, stack(0x0000000026980000,0x0000000026a80000)]
  0x000000001d67f000 JavaThread "GC Daemon" daemon [_thread_blocked, id=9936, stack(0x0000000026880000,0x0000000026980000)]
  0x000000001d67e000 JavaThread "RMI Scheduler(0)" daemon [_thread_blocked, id=8844, stack(0x0000000026680000,0x0000000026780000)]
  0x0000000019c0b800 JavaThread "Cache worker for file content cache (C:\Users\baaal\.gradle\caches\5.6.4\fileContent)" [_thread_blocked, id=8364, stack(0x0000000023a00000,0x0000000023b00000)]
  0x0000000019c0e800 JavaThread "Memory manager" [_thread_blocked, id=10628, stack(0x0000000022cd0000,0x0000000022dd0000)]
  0x0000000019c0d000 JavaThread "Cache worker for execution history cache (C:\Users\baaal\.gradle\caches\5.6.4\executionHistory)" [_thread_blocked, id=8308, stack(0x0000000020cd0000,0x0000000020dd0000)]
  0x000000001988b000 JavaThread "Cache worker for journal cache (C:\Users\baaal\.gradle\caches\journal-1)" [_thread_blocked, id=4728, stack(0x000000001caf0000,0x000000001cbf0000)]
  0x000000001988c800 JavaThread "File lock request listener" [_thread_in_native, id=8744, stack(0x000000001c8f0000,0x000000001c9f0000)]
  0x000000001988b800 JavaThread "Cache worker for file hash cache (C:\Users\baaal\.gradle\caches\5.6.4\fileHashes)" [_thread_blocked, id=8208, stack(0x000000001c7f0000,0x000000001c8f0000)]
  0x0000000019929800 JavaThread "Daemon periodic checks" [_thread_blocked, id=9456, stack(0x000000001bbf0000,0x000000001bcf0000)]
  0x00000000192e6800 JavaThread "Incoming local TCP Connector on port 53384" [_thread_in_native, id=8092, stack(0x000000001b9b0000,0x000000001bab0000)]
  0x000000001873b000 JavaThread "Daemon health stats" [_thread_blocked, id=13284, stack(0x000000001b270000,0x000000001b370000)]
  0x0000000016bec800 JavaThread "Service Thread" daemon [_thread_blocked, id=10856, stack(0x00000000188d0000,0x00000000189d0000)]
  0x00000000183d8800 JavaThread "C1 CompilerThread2" daemon [_thread_in_vm, id=11296, stack(0x00000000187d0000,0x00000000188d0000)]
  0x0000000016b9f000 JavaThread "C2 CompilerThread1" daemon [_thread_in_native, id=9588, stack(0x00000000182d0000,0x00000000183d0000)]
=>0x0000000016b8d800 JavaThread "C2 CompilerThread0" daemon [_thread_in_native, id=12916, stack(0x00000000181d0000,0x00000000182d0000)]
  0x0000000016b8c800 JavaThread "Attach Listener" daemon [_thread_blocked, id=9712, stack(0x00000000180d0000,0x00000000181d0000)]
  0x000000000321e800 JavaThread "Signal Dispatcher" daemon [_thread_blocked, id=12720, stack(0x0000000017fd0000,0x00000000180d0000)]
  0x0000000003218000 JavaThread "Finalizer" daemon [_thread_blocked, id=6948, stack(0x0000000017de0000,0x0000000017ee0000)]
  0x0000000016b79800 JavaThread "Reference Handler" daemon [_thread_blocked, id=1932, stack(0x0000000017ce0000,0x0000000017de0000)]
  0x000000000311e800 JavaThread "main" [_thread_blocked, id=3136, stack(0x0000000002f60000,0x0000000003060000)]

Other Threads:
  0x0000000016b56800 VMThread [stack: 0x0000000017be0000,0x0000000017ce0000] [id=12904]
  0x00000000183d9000 WatcherThread [stack: 0x00000000189d0000,0x0000000018ad0000] [id=4236]

VM state:not at safepoint (normal execution)

VM Mutex/Monitor currently owned by a thread: None

heap address: 0x00000000a0000000, size: 1536 MB, Compressed Oops mode: 32-bit
Narrow klass base: 0x0000000000000000, Narrow klass shift: 3
Compressed class space size: 1073741824 Address: 0x0000000100000000

Heap:
 PSYoungGen      total 211456K, used 168698K [0x00000000e0000000, 0x00000000f4880000, 0x0000000100000000)
  eden space 171008K, 75% used [0x00000000e0000000,0x00000000e7d43f68,0x00000000ea700000)
  from space 40448K, 99% used [0x00000000ee200000,0x00000000f097ab40,0x00000000f0980000)
  to   space 60416K, 0% used [0x00000000ea700000,0x00000000ea700000,0x00000000ee200000)
 ParOldGen       total 250368K, used 115365K [0x00000000a0000000, 0x00000000af480000, 0x00000000e0000000)
  object space 250368K, 46% used [0x00000000a0000000,0x00000000a70a97d8,0x00000000af480000)
 Metaspace       used 109645K, capacity 116364K, committed 116736K, reserved 1150976K
  class space    used 14260K, capacity 15497K, committed 15616K, reserved 1048576K

Card table byte_map: [0x00000000125e0000,0x00000000128f0000] byte_map_base: 0x00000000120e0000

Marking Bits: (ParMarkBitMap*) 0x00000000744b9f30
 Begin Bits: [0x0000000012ef0000, 0x00000000146f0000)
 End Bits:   [0x00000000146f0000, 0x0000000015ef0000)

Polling page: 0x00000000012a0000

CodeCache: size=245760Kb used=65655Kb max_used=66792Kb free=180105Kb
 bounds [0x0000000003220000, 0x00000000073d0000, 0x0000000012220000]
 total_blobs=19563 nmethods=18588 adapters=884
 compilation: enabled

Compilation events (10 events):
Event: 3195.145 Thread 0x00000000183d8800 nmethod 23554 0x0000000003580d10 code [0x0000000003580e60, 0x0000000003581030]
Event: 3195.149 Thread 0x00000000183d8800 23555       3       com.google.gson.internal.bind.ReflectiveTypeAdapterFactory$1::<init> (50 bytes)
Event: 3195.149 Thread 0x00000000183d8800 nmethod 23555 0x0000000003581f50 code [0x00000000035820c0, 0x0000000003582390]
Event: 3195.201 Thread 0x0000000016b9f000 23556       4       org.gradle.api.internal.DelegatingDomainObjectSet::iterator (10 bytes)
Event: 3195.225 Thread 0x00000000183d8800 23558       3       com.android.build.gradle.internal.scope.VariantScopeImpl::getIncrementalDir (25 bytes)
Event: 3195.229 Thread 0x00000000183d8800 nmethod 23558 0x0000000003a37510 code [0x0000000003a37820, 0x0000000003a39498]
Event: 3195.231 Thread 0x00000000183d8800 23559       1       com.android.build.gradle.internal.dsl.AaptOptions::getNoCompress (5 bytes)
Event: 3195.232 Thread 0x00000000183d8800 nmethod 23559 0x00000000073aa490 code [0x00000000073aa5e0, 0x00000000073aa6f0]
Event: 3195.238 Thread 0x00000000183d8800 23560       1       org.gradle.api.internal.tasks.DefaultTaskOutputs::access$000 (5 bytes)
Event: 3195.238 Thread 0x00000000183d8800 nmethod 23560 0x0000000003498e10 code [0x0000000003498f60, 0x0000000003499050]

GC Heap History (10 events):
Event: 2693.204 GC heap before
{Heap before GC invocations=28 (full 4):
 PSYoungGen      total 233472K, used 233124K [0x00000000e0000000, 0x00000000f2380000, 0x0000000100000000)
  eden space 213504K, 100% used [0x00000000e0000000,0x00000000ed080000,0x00000000ed080000)
  from space 19968K, 98% used [0x00000000ed700000,0x00000000eea293b8,0x00000000eea80000)
  to   space 42496K, 0% used [0x00000000efa00000,0x00000000efa00000,0x00000000f2380000)
 ParOldGen       total 250368K, used 78101K [0x00000000a0000000, 0x00000000af480000, 0x00000000e0000000)
  object space 250368K, 31% used [0x00000000a0000000,0x00000000a4c455b0,0x00000000af480000)
 Metaspace       used 107675K, capacity 113790K, committed 113920K, reserved 1148928K
  class space    used 14120K, capacity 15262K, committed 15360K, reserved 1048576K
Event: 2693.441 GC heap after
Heap after GC invocations=28 (full 4):
 PSYoungGen      total 239616K, used 19004K [0x00000000e0000000, 0x00000000f1980000, 0x0000000100000000)
  eden space 207360K, 0% used [0x00000000e0000000,0x00000000e0000000,0x00000000eca80000)
  from space 32256K, 58% used [0x00000000efa00000,0x00000000f0c8f150,0x00000000f1980000)
  to   space 40448K, 0% used [0x00000000eca80000,0x00000000eca80000,0x00000000ef200000)
 ParOldGen       total 250368K, used 78109K [0x00000000a0000000, 0x00000000af480000, 0x00000000e0000000)
  object space 250368K, 31% used [0x00000000a0000000,0x00000000a4c475b0,0x00000000af480000)
 Metaspace       used 107675K, capacity 113790K, committed 113920K, reserved 1148928K
  class space    used 14120K, capacity 15262K, committed 15360K, reserved 1048576K
}
Event: 2774.386 GC heap before
{Heap before GC invocations=29 (full 4):
 PSYoungGen      total 239616K, used 226362K [0x00000000e0000000, 0x00000000f1980000, 0x0000000100000000)
  eden space 207360K, 99% used [0x00000000e0000000,0x00000000eca7fa30,0x00000000eca80000)
  from space 32256K, 58% used [0x00000000efa00000,0x00000000f0c8f150,0x00000000f1980000)
  to   space 40448K, 0% used [0x00000000eca80000,0x00000000eca80000,0x00000000ef200000)
 ParOldGen       total 250368K, used 78109K [0x00000000a0000000, 0x00000000af480000, 0x00000000e0000000)
  object space 250368K, 31% used [0x00000000a0000000,0x00000000a4c475b0,0x00000000af480000)
 Metaspace       used 107955K, capacity 114322K, committed 114432K, reserved 1148928K
  class space    used 14157K, capacity 15328K, committed 15360K, reserved 1048576K
Event: 2774.461 GC heap after
Heap after GC invocations=29 (full 4):
 PSYoungGen      total 220672K, used 19088K [0x00000000e0000000, 0x00000000f0f80000, 0x0000000100000000)
  eden space 201216K, 0% used [0x00000000e0000000,0x00000000e0000000,0x00000000ec480000)
  from space 19456K, 98% used [0x00000000eca80000,0x00000000edd24160,0x00000000edd80000)
  to   space 38400K, 0% used [0x00000000eea00000,0x00000000eea00000,0x00000000f0f80000)
 ParOldGen       total 250368K, used 78117K [0x00000000a0000000, 0x00000000af480000, 0x00000000e0000000)
  object space 250368K, 31% used [0x00000000a0000000,0x00000000a4c495b0,0x00000000af480000)
 Metaspace       used 107955K, capacity 114322K, committed 114432K, reserved 1148928K
  class space    used 14157K, capacity 15328K, committed 15360K, reserved 1048576K
}
Event: 3175.365 GC heap before
{Heap before GC invocations=30 (full 4):
 PSYoungGen      total 220672K, used 220304K [0x00000000e0000000, 0x00000000f0f80000, 0x0000000100000000)
  eden space 201216K, 100% used [0x00000000e0000000,0x00000000ec480000,0x00000000ec480000)
  from space 19456K, 98% used [0x00000000eca80000,0x00000000edd24160,0x00000000edd80000)
  to   space 38400K, 0% used [0x00000000eea00000,0x00000000eea00000,0x00000000f0f80000)
 ParOldGen       total 250368K, used 78117K [0x00000000a0000000, 0x00000000af480000, 0x00000000e0000000)
  object space 250368K, 31% used [0x00000000a0000000,0x00000000a4c495b0,0x00000000af480000)
 Metaspace       used 108257K, capacity 114884K, committed 115072K, reserved 1148928K
  class space    used 14195K, capacity 15427K, committed 15488K, reserved 1048576K
Event: 3175.560 GC heap after
Heap after GC invocations=30 (full 4):
 PSYoungGen      total 225280K, used 18992K [0x00000000e0000000, 0x00000000f0700000, 0x0000000100000000)
  eden space 195584K, 0% used [0x00000000e0000000,0x00000000e0000000,0x00000000ebf00000)
  from space 29696K, 63% used [0x00000000eea00000,0x00000000efc8c160,0x00000000f0700000)
  to   space 36864K, 0% used [0x00000000ebf00000,0x00000000ebf00000,0x00000000ee300000)
 ParOldGen       total 250368K, used 78125K [0x00000000a0000000, 0x00000000af480000, 0x00000000e0000000)
  object space 250368K, 31% used [0x00000000a0000000,0x00000000a4c4b5b0,0x00000000af480000)
 Metaspace       used 108257K, capacity 114884K, committed 115072K, reserved 1148928K
  class space    used 14195K, capacity 15427K, committed 15488K, reserved 1048576K
}
Event: 3185.668 GC heap before
{Heap before GC invocations=31 (full 4):
 PSYoungGen      total 225280K, used 214576K [0x00000000e0000000, 0x00000000f0700000, 0x0000000100000000)
  eden space 195584K, 100% used [0x00000000e0000000,0x00000000ebf00000,0x00000000ebf00000)
  from space 29696K, 63% used [0x00000000eea00000,0x00000000efc8c160,0x00000000f0700000)
  to   space 36864K, 0% used [0x00000000ebf00000,0x00000000ebf00000,0x00000000ee300000)
 ParOldGen       total 250368K, used 78125K [0x00000000a0000000, 0x00000000af480000, 0x00000000e0000000)
  object space 250368K, 31% used [0x00000000a0000000,0x00000000a4c4b5b0,0x00000000af480000)
 Metaspace       used 109066K, capacity 115806K, committed 115968K, reserved 1148928K
  class space    used 14255K, capacity 15494K, committed 15616K, reserved 1048576K
Event: 3185.758 GC heap after
Heap after GC invocations=31 (full 4):
 PSYoungGen      total 225792K, used 35441K [0x00000000e0000000, 0x00000000f0980000, 0x0000000100000000)
  eden space 189952K, 0% used [0x00000000e0000000,0x00000000e0000000,0x00000000eb980000)
  from space 35840K, 98% used [0x00000000ebf00000,0x00000000ee19c618,0x00000000ee200000)
  to   space 40448K, 0% used [0x00000000ee200000,0x00000000ee200000,0x00000000f0980000)
 ParOldGen       total 250368K, used 78133K [0x00000000a0000000, 0x00000000af480000, 0x00000000e0000000)
  object space 250368K, 31% used [0x00000000a0000000,0x00000000a4c4d5b0,0x00000000af480000)
 Metaspace       used 109066K, capacity 115806K, committed 115968K, reserved 1148928K
  class space    used 14255K, capacity 15494K, committed 15616K, reserved 1048576K
}
Event: 3191.125 GC heap before
{Heap before GC invocations=32 (full 4):
 PSYoungGen      total 225792K, used 225393K [0x00000000e0000000, 0x00000000f0980000, 0x0000000100000000)
  eden space 189952K, 100% used [0x00000000e0000000,0x00000000eb980000,0x00000000eb980000)
  from space 35840K, 98% used [0x00000000ebf00000,0x00000000ee19c618,0x00000000ee200000)
  to   space 40448K, 0% used [0x00000000ee200000,0x00000000ee200000,0x00000000f0980000)
 ParOldGen       total 250368K, used 78133K [0x00000000a0000000, 0x00000000af480000, 0x00000000e0000000)
  object space 250368K, 31% used [0x00000000a0000000,0x00000000a4c4d5b0,0x00000000af480000)
 Metaspace       used 109613K, capacity 116354K, committed 116736K, reserved 1150976K
  class space    used 14260K, capacity 15496K, committed 15616K, reserved 1048576K
Event: 3191.738 GC heap after
Heap after GC invocations=32 (full 4):
 PSYoungGen      total 211456K, used 40426K [0x00000000e0000000, 0x00000000f4880000, 0x0000000100000000)
  eden space 171008K, 0% used [0x00000000e0000000,0x00000000e0000000,0x00000000ea700000)
  from space 40448K, 99% used [0x00000000ee200000,0x00000000f097ab40,0x00000000f0980000)
  to   space 60416K, 0% used [0x00000000ea700000,0x00000000ea700000,0x00000000ee200000)
 ParOldGen       total 250368K, used 115365K [0x00000000a0000000, 0x00000000af480000, 0x00000000e0000000)
  object space 250368K, 46% used [0x00000000a0000000,0x00000000a70a97d8,0x00000000af480000)
 Metaspace       used 109613K, capacity 116354K, committed 116736K, reserved 1150976K
  class space    used 14260K, capacity 15496K, committed 15616K, reserved 1048576K
}

Deoptimization events (10 events):
Event: 3189.664 Thread 0x000000001d679800 Uncommon trap: reason=unloaded action=reinterpret pc=0x0000000005571944 method=com.android.tools.r8.code.o1.a(Ljava/nio/ShortBuffer;IILcom/android/tools/r8/graph/F0;)[Lcom/android/tools/r8/code/n1; @ 3786
Event: 3190.317 Thread 0x0000000029f89800 Uncommon trap: reason=unstable_if action=reinterpret pc=0x0000000005fdcaa4 method=com.android.tools.r8.dex.w.a(Lcom/android/tools/r8/graph/d0;)Lcom/android/tools/r8/dex/w; @ 18
Event: 3192.400 Thread 0x000000001d679800 Uncommon trap: reason=class_check action=maybe_recompile pc=0x0000000005f64838 method=com.android.tools.r8.graph.E.collectMixedSectionItems(Lcom/android/tools/r8/dex/A;)V @ 26
Event: 3192.400 Thread 0x000000001d679800 Uncommon trap: reason=class_check action=maybe_recompile pc=0x0000000005f64838 method=com.android.tools.r8.graph.E.collectMixedSectionItems(Lcom/android/tools/r8/dex/A;)V @ 26
Event: 3192.400 Thread 0x000000001d679800 Uncommon trap: reason=class_check action=maybe_recompile pc=0x0000000005f64838 method=com.android.tools.r8.graph.E.collectMixedSectionItems(Lcom/android/tools/r8/dex/A;)V @ 26
Event: 3192.400 Thread 0x000000001d679800 Uncommon trap: reason=class_check action=maybe_recompile pc=0x0000000005f64838 method=com.android.tools.r8.graph.E.collectMixedSectionItems(Lcom/android/tools/r8/dex/A;)V @ 26
Event: 3195.253 Thread 0x0000000019c11000 Uncommon trap: reason=unstable_if action=reinterpret pc=0x0000000003b19458 method=java.lang.ref.SoftReference.get()Ljava/lang/Object; @ 6
Event: 3195.254 Thread 0x0000000019c11000 Uncommon trap: reason=unstable_if action=reinterpret pc=0x000000000483ad80 method=java.lang.ref.SoftReference.get()Ljava/lang/Object; @ 6
Event: 3195.254 Thread 0x0000000019c11000 Uncommon trap: reason=unstable_if action=reinterpret pc=0x000000000544be3c method=java.lang.ref.SoftReference.get()Ljava/lang/Object; @ 6
Event: 3195.257 Thread 0x0000000019c11000 Uncommon trap: reason=unstable_if action=reinterpret pc=0x000000000409ab9c method=java.lang.ref.SoftReference.get()Ljava/lang/Object; @ 6

Classes redefined (0 events):
No events

Internal exceptions (10 events):
Event: 3186.402 Thread 0x0000000029f89800 Exception <a 'sun/nio/fs/WindowsException'> (0x00000000e0c02408) thrown at [D:\src\AOSP-openjdk-cygwin\jdk8u\hotspot\src\share\vm\prims\jni.cpp, line 710]
Event: 3187.494 Thread 0x0000000029f89800 Exception <a 'sun/nio/fs/WindowsException'> (0x00000000e1b87c18) thrown at [D:\src\AOSP-openjdk-cygwin\jdk8u\hotspot\src\share\vm\prims\jni.cpp, line 710]
Event: 3187.597 Thread 0x0000000029f89800 Exception <a 'sun/nio/fs/WindowsException'> (0x00000000e1f9b328) thrown at [D:\src\AOSP-openjdk-cygwin\jdk8u\hotspot\src\share\vm\prims\jni.cpp, line 710]
Event: 3187.800 Thread 0x0000000029f89800 Exception <a 'sun/nio/fs/WindowsException'> (0x00000000e1fa2a80) thrown at [D:\src\AOSP-openjdk-cygwin\jdk8u\hotspot\src\share\vm\prims\jni.cpp, line 710]
Event: 3187.889 Thread 0x0000000029f88000 Implicit null exception at 0x000000000567dbf4 to 0x000000000567f551
Event: 3187.915 Thread 0x0000000029f89800 Exception <a 'sun/nio/fs/WindowsException'> (0x00000000e1fa9a90) thrown at [D:\src\AOSP-openjdk-cygwin\jdk8u\hotspot\src\share\vm\prims\jni.cpp, line 710]
Event: 3188.329 Thread 0x0000000029f89800 Exception <a 'sun/nio/fs/WindowsException'> (0x00000000e348afc0) thrown at [D:\src\AOSP-openjdk-cygwin\jdk8u\hotspot\src\share\vm\prims\jni.cpp, line 710]
Event: 3194.044 Thread 0x000000001d679800 Exception <a 'sun/nio/fs/WindowsException'> (0x00000000e666ff90) thrown at [D:\src\AOSP-openjdk-cygwin\jdk8u\hotspot\src\share\vm\prims\jni.cpp, line 710]
Event: 3195.254 Thread 0x0000000019c11000 Implicit null exception at 0x000000000544770a to 0x000000000544be0d
Event: 3195.257 Thread 0x0000000019c11000 Implicit null exception at 0x000000000409a817 to 0x000000000409ab85

Events (10 events):
Event: 3195.257 Thread 0x0000000019c11000 Uncommon trap: trap_request=0xffffff65 fr.pc=0x000000000409ab9c
Event: 3195.257 Thread 0x0000000019c11000 DEOPT PACKING pc=0x000000000409ab9c sp=0x000000003e5ab6d0
Event: 3195.257 Thread 0x0000000019c11000 DEOPT UNPACKING pc=0x000000000326557b sp=0x000000003e5ab5a8 mode 2
Event: 3195.258 Executing VM operation: RevokeBias
Event: 3195.260 Executing VM operation: RevokeBias done
Event: 3195.260 Executing VM operation: RevokeBias
Event: 3195.260 Executing VM operation: RevokeBias done
Event: 3195.260 Executing VM operation: RevokeBias
Event: 3195.260 Executing VM operation: RevokeBias done
Event: 3195.260 Executing VM operation: RevokeBias


Dynamic libraries:
0x00007ff6999d0000 - 0x00007ff699a01000 	C:\Program Files\Android\Android Studio\jre\bin\java.exe
0x00007fff02310000 - 0x00007fff024f1000 	C:\WINDOWS\SYSTEM32\ntdll.dll
0x00007fff00bc0000 - 0x00007fff00c71000 	C:\WINDOWS\System32\KERNEL32.DLL
0x00007ffefe8c0000 - 0x00007ffefeb33000 	C:\WINDOWS\System32\KERNELBASE.dll
0x00007ffeffc30000 - 0x00007ffeffcd1000 	C:\WINDOWS\System32\ADVAPI32.dll
0x00007fff02170000 - 0x00007fff0220e000 	C:\WINDOWS\System32\msvcrt.dll
0x00007fff00130000 - 0x00007fff0018b000 	C:\WINDOWS\System32\sechost.dll
0x00007fff00330000 - 0x00007fff00454000 	C:\WINDOWS\System32\RPCRT4.dll
0x00007ffeffdb0000 - 0x00007ffefff40000 	C:\WINDOWS\System32\USER32.dll
0x00007ffeff580000 - 0x00007ffeff5a0000 	C:\WINDOWS\System32\win32u.dll
0x00007fff00b90000 - 0x00007fff00bb8000 	C:\WINDOWS\System32\GDI32.dll
0x00007ffefe720000 - 0x00007ffefe8b1000 	C:\WINDOWS\System32\gdi32full.dll
0x00007ffefecf0000 - 0x00007ffefed8f000 	C:\WINDOWS\System32\msvcp_win.dll
0x00007ffefeb40000 - 0x00007ffefec38000 	C:\WINDOWS\System32\ucrtbase.dll
0x00007ffef22c0000 - 0x00007ffef2529000 	C:\WINDOWS\WinSxS\amd64_microsoft.windows.common-controls_6595b64144ccf1df_6.0.17134.1488_none_d4038d277c8d0b7d\COMCTL32.dll
0x00007ffeff810000 - 0x00007ffeffb31000 	C:\WINDOWS\System32\combase.dll
0x00007ffeff500000 - 0x00007ffeff579000 	C:\WINDOWS\System32\bcryptPrimitives.dll
0x00007fff00710000 - 0x00007fff0073d000 	C:\WINDOWS\System32\IMM32.DLL
0x0000000073bf0000 - 0x0000000073cc2000 	C:\Program Files\Android\Android Studio\jre\jre\bin\msvcr100.dll
0x0000000073cf0000 - 0x0000000074536000 	C:\Program Files\Android\Android Studio\jre\jre\bin\server\jvm.dll
0x00007fff005c0000 - 0x00007fff005c8000 	C:\WINDOWS\System32\PSAPI.DLL
0x00007ffefd0a0000 - 0x00007ffefd0a9000 	C:\WINDOWS\SYSTEM32\WSOCK32.dll
0x00007fff005d0000 - 0x00007fff0063c000 	C:\WINDOWS\System32\WS2_32.dll
0x00007ffefbea0000 - 0x00007ffefbec3000 	C:\WINDOWS\SYSTEM32\WINMM.dll
0x00007ffef5650000 - 0x00007ffef565a000 	C:\WINDOWS\SYSTEM32\VERSION.dll
0x00007ffefba50000 - 0x00007ffefba7a000 	C:\WINDOWS\SYSTEM32\WINMMBASE.dll
0x00007ffeff4b0000 - 0x00007ffeff4f9000 	C:\WINDOWS\System32\cfgmgr32.dll
0x00007ffefcfe0000 - 0x00007ffefcfef000 	C:\Program Files\Android\Android Studio\jre\jre\bin\verify.dll
0x00007ffee7cd0000 - 0x00007ffee7cf9000 	C:\Program Files\Android\Android Studio\jre\jre\bin\java.dll
0x00007ffeefe20000 - 0x00007ffeefe36000 	C:\Program Files\Android\Android Studio\jre\jre\bin\zip.dll
0x00007fff00d20000 - 0x00007fff02165000 	C:\WINDOWS\System32\SHELL32.dll
0x00007ffeffce0000 - 0x00007ffeffd89000 	C:\WINDOWS\System32\shcore.dll
0x00007ffefed90000 - 0x00007ffeff4a1000 	C:\WINDOWS\System32\windows.storage.dll
0x00007fff000d0000 - 0x00007fff00121000 	C:\WINDOWS\System32\shlwapi.dll
0x00007ffefe620000 - 0x00007ffefe631000 	C:\WINDOWS\System32\kernel.appcore.dll
0x00007ffefe640000 - 0x00007ffefe65f000 	C:\WINDOWS\System32\profapi.dll
0x00007ffefe670000 - 0x00007ffefe6bc000 	C:\WINDOWS\System32\powrprof.dll
0x00007ffefe660000 - 0x00007ffefe66a000 	C:\WINDOWS\System32\FLTLIB.DLL
0x00007ffeebe90000 - 0x00007ffeebeaa000 	C:\Program Files\Android\Android Studio\jre\jre\bin\net.dll
0x00007ffef2850000 - 0x00007ffef2a1c000 	C:\WINDOWS\SYSTEM32\urlmon.dll
0x00007ffef3100000 - 0x00007ffef33a7000 	C:\WINDOWS\SYSTEM32\iertutil.dll
0x00007ffefdcd0000 - 0x00007ffefdcdb000 	C:\WINDOWS\SYSTEM32\CRYPTBASE.DLL
0x00007ffefdb20000 - 0x00007ffefdb86000 	C:\WINDOWS\system32\mswsock.dll
0x00007ffeefa50000 - 0x00007ffeefa63000 	C:\Program Files\Android\Android Studio\jre\jre\bin\nio.dll
0x00007ffeec0c0000 - 0x00007ffeec0e6000 	C:\Users\baaal\.gradle\native\30\windows-amd64\native-platform.dll
0x00007ffefa710000 - 0x00007ffefa71d000 	C:\Program Files\Android\Android Studio\jre\jre\bin\management.dll
0x00007ffefe150000 - 0x00007ffefe167000 	C:\WINDOWS\SYSTEM32\CRYPTSP.dll
0x00007ffefd670000 - 0x00007ffefd6a3000 	C:\WINDOWS\system32\rsaenh.dll
0x00007ffefdf90000 - 0x00007ffefdfb5000 	C:\WINDOWS\SYSTEM32\bcrypt.dll
0x00007ffefe500000 - 0x00007ffefe528000 	C:\WINDOWS\SYSTEM32\USERENV.dll
0x00007ffefd870000 - 0x00007ffefd8a8000 	C:\WINDOWS\SYSTEM32\IPHLPAPI.DLL
0x00007ffefff40000 - 0x00007ffefff48000 	C:\WINDOWS\System32\NSI.dll
0x00007ffef7f20000 - 0x00007ffef7f36000 	C:\WINDOWS\SYSTEM32\dhcpcsvc6.DLL
0x00007ffef7f00000 - 0x00007ffef7f1a000 	C:\WINDOWS\SYSTEM32\dhcpcsvc.DLL
0x00007ffeefe50000 - 0x00007ffeefe74000 	C:\Program Files\Android\Android Studio\jre\jre\bin\sunec.dll
0x00007ffefd8b0000 - 0x00007ffefd96f000 	C:\WINDOWS\SYSTEM32\DNSAPI.dll
0x0000000074a50000 - 0x0000000074a76000 	C:\Program Files\Bonjour\mdnsNSP.dll
0x00007ffef13a0000 - 0x00007ffef13aa000 	C:\Windows\System32\rasadhlp.dll
0x00007ffef15e0000 - 0x00007ffef1652000 	C:\WINDOWS\System32\fwpuclnt.dll
0x00007ffefd130000 - 0x00007ffefd13b000 	C:\Program Files\Android\Android Studio\jre\jre\bin\sunmscapi.dll
0x00007ffeff5a0000 - 0x00007ffeff782000 	C:\WINDOWS\System32\CRYPT32.dll
0x00007ffefe600000 - 0x00007ffefe612000 	C:\WINDOWS\System32\MSASN1.dll
0x00007ffeebae0000 - 0x00007ffeebafe000 	C:\Users\baaal\AppData\Local\Temp\native-platform84579899092990153dir\native-platform.dll
0x00007ffefc0b0000 - 0x00007ffefc13b000 	C:\WINDOWS\system32\apphelp.dll
0x00007ffefe170000 - 0x00007ffefe339000 	C:\WINDOWS\SYSTEM32\dbghelp.dll

VM Arguments:
jvm_args: -Xmx1536m -Dfile.encoding=windows-1252 -Duser.country=US -Duser.language=en -Duser.variant 
java_command: org.gradle.launcher.daemon.bootstrap.GradleDaemon 5.6.4
java_class_path (initial): C:\Users\baaal\.gradle\wrapper\dists\gradle-5.6.4-all\ankdp27end7byghfw1q2sw75f\gradle-5.6.4\lib\gradle-launcher-5.6.4.jar
Launcher Type: SUN_STANDARD

Environment Variables:
PATH=C:\ProgramData\Oracle\Java\javapath;C:\Program Files (x86)\Intel\iCLS Client\;C:\Program Files\Intel\iCLS Client\;C:\Windows\system32;C:\Windows;C:\Windows\System32\Wbem;C:\Windows\System32\WindowsPowerShell\v1.0\;C:\Program Files (x86)\Intel\Intel(R) Management Engine Components\DAL;C:\Program Files\Intel\Intel(R) Management Engine Components\DAL;C:\Program Files (x86)\Intel\Intel(R) Management Engine Components\IPT;C:\Program Files\Intel\Intel(R) Management Engine Components\IPT;C:\Program Files (x86)\NVIDIA Corporation\PhysX\Common;C:\WINDOWS\system32;C:\WINDOWS;C:\WINDOWS\System32\Wbem;C:\WINDOWS\System32\WindowsPowerShell\v1.0\;C:\WINDOWS\System32\OpenSSH\;C:\Program Files\nodejs\;C:\Program Files (x86)\DevDesktop\tools;C:\Program Files (x86)\DevDesktop\drush_9;C:\Users\baaal\AppData\Local\Microsoft\WindowsApps;C:\Users\baaal\AppData\Roaming\npm
USERNAME=baaal
OS=Windows_NT
PROCESSOR_IDENTIFIER=Intel64 Family 6 Model 58 Stepping 9, GenuineIntel



---------------  S Y S T E M  ---------------

OS: Windows 10.0 , 64 bit Build 17134 (10.0.17134.1425)

CPU:total 4 (initial active 4) (2 cores per cpu, 2 threads per core) family 6 model 58 stepping 9, cmov, cx8, fxsr, mmx, sse, sse2, sse3, ssse3, sse4.1, sse4.2, popcnt, avx, clmul, erms, ht, tsc, tscinvbit, tscinv

Memory: 4k page, physical 8283220k(426712k free), swap 16566440k(5482488k free)

vm_info: OpenJDK 64-Bit Server VM (25.212-b04) for windows-amd64 JRE (1.8.0_212-release-1586-b04), built by "builder" with MS VC++ 10.0 (VS2010)

time: Thu May 14 12:53:51 2020
timezone: GMT Daylight Time
elapsed time: 3195 seconds (0d 0h 53m 15s)

